<?xml version="1.0" encoding="UTF-8"?>
<!-- Generated by org.testng.reporters.JUnitXMLReporter -->
<testsuite hostname="DESKTOP-IVQQQE2" ignored="2" name="Test" tests="5" failures="2" timestamp="2021-03-25T07:28:45 IST" time="147.471" errors="0">
  <testcase name="bookAFlightWithLowerPriceTC" time="7.433" classname="testcases.BookAFlightWithLowerPrice_TC"/>
  <testcase name="bookAFlightWithLowerPriceTC" time="6.883" classname="testcases.BookAFlightWithLowerPrice_TC"/>
  <testcase name="bookAFlightWithLowerPriceTC" time="6.707" classname="testcases.BookAFlightWithLowerPrice_TC"/>
  <testcase name="register_TC" time="36.333" classname="testcases.Register_TC">
    <failure type="java.lang.AssertionError" message="Verify User Home Page expected [true] but found [false]">
      <![CDATA[java.lang.AssertionError: Verify User Home Page expected [true] but found [false]
at testcases.Register_TC.register_TC(Register_TC.java:46)
at java.util.ArrayList.forEach(ArrayList.java:1257)
... Removed 34 stack frames]]>
    </failure>
  </testcase> <!-- register_TC -->
  <testcase name="validLogin_TC" time="35.618" classname="testcases.ValidLogin_TC">
    <failure type="java.lang.AssertionError" message="Verify User Home Page expected [true] but found [false]">
      <![CDATA[java.lang.AssertionError: Verify User Home Page expected [true] but found [false]
at testcases.ValidLogin_TC.validLogin_TC(ValidLogin_TC.java:37)
at java.util.ArrayList.forEach(ArrayList.java:1257)
... Removed 34 stack frames]]>
    </failure>
  </testcase> <!-- validLogin_TC -->
  <testcase name="@BeforeSuite extentReportSetUp" time="0.0" classname="generics.BaseTest">
    <ignored/>
  </testcase> <!-- @BeforeSuite extentReportSetUp -->
  <testcase name="@BeforeSuite extentReportSetUp" time="0.0" classname="generics.BaseTest">
    <ignored/>
  </testcase> <!-- @BeforeSuite extentReportSetUp -->
</testsuite> <!-- Test -->
