<?xml version="1.0" encoding="UTF-8"?>
<testsuite xmlns:xsi="http://www.w3.org/2001/XMLSchema-instance" xsi:noNamespaceSchemaLocation="https://maven.apache.org/surefire/maven-surefire-plugin/xsd/surefire-test-report-3.0.xsd" version="3.0" name="TestSuite" time="148.395" tests="5" errors="0" skipped="0" failures="2">
  <properties>
[...]
</properties>
  <testcase name="bookAFlightWithLowerPriceTC[Boston, London, Anil, Stree1, Newyork, California, 12345, American Express, 11111111, 3, 2021, Anil Kumar](1)" classname="testcases.BookAFlightWithLowerPrice_TC" time="7.385">
    <system-err><![CDATA[SLF4J: Failed to load class "org.slf4j.impl.StaticLoggerBinder".
SLF4J: Defaulting to no-operation (NOP) logger implementation
SLF4J: See http://www.slf4j.org/codes.html#StaticLoggerBinder for further details.
1616637379463	geckodriver	INFO	Listening on 127.0.0.1:43733
1616637380169	mozrunner::runner	INFO	Running command: "C:\\Program Files\\Mozilla Firefox\\firefox.exe" "--marionette" "-foreground" "-no-remote" "-profile" "C:\\Users\\qapitol\\AppData\\Local\\Temp\\rust_mozprofiledPe4HK"
console.warn: SearchSettings: "get: No settings file exists, new profile?" (new Error("", "(unknown module)"))
1616637385212	Marionette	INFO	Listening on port 60320
1616637385420	Marionette	WARN	TLS certificate errors will be ignored for this session
Mar 25, 2021 7:26:25 AM org.openqa.selenium.remote.ProtocolHandshake createSession
INFO: Detected dialect: W3C
JavaScript error: https://blazedemo.com/assets/bootstrap.min.js, line 7: TypeError: a is not a function
JavaScript error: https://blazedemo.com/assets/bootstrap-table.js, line 1126: ReferenceError: jQuery is not defined
JavaScript error: https://blazedemo.com/assets/bootstrap.min.js, line 7: TypeError: a is not a function
JavaScript error: https://blazedemo.com/assets/bootstrap-table.js, line 1126: ReferenceError: jQuery is not defined
JavaScript error: https://blazedemo.com/assets/bootstrap.min.js, line 7: TypeError: a is not a function
JavaScript error: https://blazedemo.com/assets/bootstrap-table.js, line 1126: ReferenceError: jQuery is not defined
JavaScript error: https://blazedemo.com/assets/bootstrap.min.js, line 7: TypeError: a is not a function
JavaScript error: https://blazedemo.com/assets/bootstrap-table.js, line 1126: ReferenceError: jQuery is not defined
]]></system-err>
  </testcase>
  <testcase name="bookAFlightWithLowerPriceTC[Portland, Rome, Sunil, Street2, carribean, Mumbai, 12345, American Express, 11111111, 4, 2021, Sunil Kumar](2)" classname="testcases.BookAFlightWithLowerPrice_TC" time="6.871">
    <system-err><![CDATA[1616637395694	Marionette	INFO	Stopped listening on port 60320
JavaScript error: resource://activity-stream/lib/ASRouter.jsm, line 988: NS_ERROR_ILLEGAL_VALUE: Component returned failure code: 0x80070057 (NS_ERROR_ILLEGAL_VALUE) [nsIObserverService.removeObserver]

###!!! [Child][RunMessage] Error: Channel closing: too late to send/recv, messages will be lost

1616637397719	geckodriver	INFO	Listening on 127.0.0.1:3723
1616637398241	mozrunner::runner	INFO	Running command: "C:\\Program Files\\Mozilla Firefox\\firefox.exe" "--marionette" "-foreground" "-no-remote" "-profile" "C:\\Users\\qapitol\\AppData\\Local\\Temp\\rust_mozprofileiWIZlk"
console.warn: SearchSettings: "get: No settings file exists, new profile?" (new Error("", "(unknown module)"))
1616637403568	Marionette	INFO	Listening on port 60373
1616637403987	Marionette	WARN	TLS certificate errors will be ignored for this session
Mar 25, 2021 7:26:44 AM org.openqa.selenium.remote.ProtocolHandshake createSession
INFO: Detected dialect: W3C
JavaScript error: https://blazedemo.com/assets/bootstrap.min.js, line 7: TypeError: a is not a function
JavaScript error: https://blazedemo.com/assets/bootstrap-table.js, line 1126: ReferenceError: jQuery is not defined
JavaScript error: https://blazedemo.com/assets/bootstrap.min.js, line 7: TypeError: a is not a function
JavaScript error: https://blazedemo.com/assets/bootstrap-table.js, line 1126: ReferenceError: jQuery is not defined
JavaScript error: https://blazedemo.com/assets/bootstrap.min.js, line 7: TypeError: a is not a function
JavaScript error: https://blazedemo.com/assets/bootstrap-table.js, line 1126: ReferenceError: jQuery is not defined
JavaScript error: https://blazedemo.com/assets/bootstrap.min.js, line 7: TypeError: a is not a function
JavaScript error: https://blazedemo.com/assets/bootstrap-table.js, line 1126: ReferenceError: jQuery is not defined
]]></system-err>
  </testcase>
  <testcase name="bookAFlightWithLowerPriceTC[Mexico City, Dublin, Sam, Street3, MG Road, Delhi, 12345, American Express, 11111111, 5, 2021, Sunil Kumar](3)" classname="testcases.BookAFlightWithLowerPrice_TC" time="6.733">
    <system-err><![CDATA[1616637412140	Marionette	INFO	Stopped listening on port 60373
JavaScript error: resource://activity-stream/lib/ASRouter.jsm, line 988: NS_ERROR_ILLEGAL_VALUE: Component returned failure code: 0x80070057 (NS_ERROR_ILLEGAL_VALUE) [nsIObserverService.removeObserver]
[Parent 40948, IPC I/O Parent] WARNING: file /builds/worker/checkouts/gecko/ipc/chromium/src/base/process_util_win.cc:167

###!!! [Child][RunMessage] Error: Channel closing: too late to send/recv, messages will be lost

1616637413754	geckodriver	INFO	Listening on 127.0.0.1:25002
1616637414252	mozrunner::runner	INFO	Running command: "C:\\Program Files\\Mozilla Firefox\\firefox.exe" "--marionette" "-foreground" "-no-remote" "-profile" "C:\\Users\\qapitol\\AppData\\Local\\Temp\\rust_mozprofilemIkJGh"
console.warn: SearchSettings: "get: No settings file exists, new profile?" (new Error("", "(unknown module)"))
1616637419789	Marionette	INFO	Listening on port 60439
1616637419987	Marionette	WARN	TLS certificate errors will be ignored for this session
Mar 25, 2021 7:27:00 AM org.openqa.selenium.remote.ProtocolHandshake createSession
INFO: Detected dialect: W3C
JavaScript error: https://blazedemo.com/assets/bootstrap.min.js, line 7: TypeError: a is not a function
JavaScript error: https://blazedemo.com/assets/bootstrap-table.js, line 1126: ReferenceError: jQuery is not defined
JavaScript error: https://blazedemo.com/assets/bootstrap.min.js, line 7: TypeError: a is not a function
JavaScript error: https://blazedemo.com/assets/bootstrap-table.js, line 1126: ReferenceError: jQuery is not defined
JavaScript error: https://blazedemo.com/assets/bootstrap.min.js, line 7: TypeError: a is not a function
JavaScript error: https://blazedemo.com/assets/bootstrap-table.js, line 1126: ReferenceError: jQuery is not defined
JavaScript error: https://blazedemo.com/assets/bootstrap.min.js, line 7: TypeError: a is not a function
JavaScript error: https://blazedemo.com/assets/bootstrap-table.js, line 1126: ReferenceError: jQuery is not defined
]]></system-err>
  </testcase>
  <testcase name="register_TC[anil, logistics, ak-25-03-2021-07-27-10@gmail.com, 123456, 123456](1)" classname="testcases.Register_TC" time="36.311">
    <failure message="Verify User Home Page expected [true] but found [false]" type="java.lang.AssertionError"><![CDATA[java.lang.AssertionError: Verify User Home Page expected [true] but found [false]
	at testcases.Register_TC.register_TC(Register_TC.java:46)
]]></failure>
    <system-err><![CDATA[1616637428439	Marionette	INFO	Stopped listening on port 60439
JavaScript error: resource://activity-stream/lib/ASRouter.jsm, line 988: NS_ERROR_ILLEGAL_VALUE: Component returned failure code: 0x80070057 (NS_ERROR_ILLEGAL_VALUE) [nsIObserverService.removeObserver]
JavaScript error: resource://gre/modules/UrlClassifierListManager.jsm, line 691: TypeError: this.tablesData[table] is undefined
[Parent 37128, IPC I/O Parent] WARNING: file /builds/worker/checkouts/gecko/ipc/chromium/src/base/process_util_win.cc:167

###!!! [Child][RunMessage] Error: Channel closing: too late to send/recv, messages will be lost

1616637430300	geckodriver	INFO	Listening on 127.0.0.1:7076
1616637430803	mozrunner::runner	INFO	Running command: "C:\\Program Files\\Mozilla Firefox\\firefox.exe" "--marionette" "-foreground" "-no-remote" "-profile" "C:\\Users\\qapitol\\AppData\\Local\\Temp\\rust_mozprofileHnJwBV"
console.warn: SearchSettings: "get: No settings file exists, new profile?" (new Error("", "(unknown module)"))
1616637437747	Marionette	INFO	Listening on port 60499
1616637438163	Marionette	WARN	TLS certificate errors will be ignored for this session
Mar 25, 2021 7:27:18 AM org.openqa.selenium.remote.ProtocolHandshake createSession
INFO: Detected dialect: W3C
JavaScript error: https://blazedemo.com/assets/bootstrap.min.js, line 7: TypeError: a is not a function
JavaScript error: https://blazedemo.com/assets/bootstrap-table.js, line 1126: ReferenceError: jQuery is not defined
]]></system-err>
  </testcase>
  <testcase name="validLogin_TC[ak-22-03-2021-06-26-06@gmail.com, 123456](1)" classname="testcases.ValidLogin_TC" time="35.537">
    <failure message="Verify User Home Page expected [true] but found [false]" type="java.lang.AssertionError"><![CDATA[java.lang.AssertionError: Verify User Home Page expected [true] but found [false]
	at testcases.ValidLogin_TC.validLogin_TC(ValidLogin_TC.java:37)
]]></failure>
    <system-err><![CDATA[1616637476483	Marionette	INFO	Stopped listening on port 60499
JavaScript error: resource://activity-stream/lib/ASRouter.jsm, line 988: NS_ERROR_ILLEGAL_VALUE: Component returned failure code: 0x80070057 (NS_ERROR_ILLEGAL_VALUE) [nsIObserverService.removeObserver]
1616637478385	geckodriver	INFO	Listening on 127.0.0.1:10157
1616637478870	mozrunner::runner	INFO	Running command: "C:\\Program Files\\Mozilla Firefox\\firefox.exe" "--marionette" "-foreground" "-no-remote" "-profile" "C:\\Users\\qapitol\\AppData\\Local\\Temp\\rust_mozprofile7aCsoT"
console.warn: SearchSettings: "get: No settings file exists, new profile?" (new Error("", "(unknown module)"))
1616637486196	Marionette	INFO	Listening on port 60582
1616637486312	Marionette	WARN	TLS certificate errors will be ignored for this session
Mar 25, 2021 7:28:06 AM org.openqa.selenium.remote.ProtocolHandshake createSession
INFO: Detected dialect: W3C
JavaScript error: https://blazedemo.com/assets/bootstrap.min.js, line 7: TypeError: a is not a function
JavaScript error: https://blazedemo.com/assets/bootstrap-table.js, line 1126: ReferenceError: jQuery is not defined
]]></system-err>
  </testcase>
</testsuite>